<?xml version="1.0" encoding="UTF-8"?>
<!-- Generated by org.testng.reporters.JUnitXMLReporter -->
<testsuite ignored="0" hostname="DESKTOP-2LCA7JS" failures="1" tests="4" name="Test" time="35.079" errors="0" timestamp="25 May 2024 04:40:34 GMT">
  <testcase classname="com.aiite.pageexecution.SummaryPageExecution" name="tvSearch" time="15.796">
    <skipped/>
  </testcase> <!-- tvSearch -->
  <testcase classname="com.aiite.pageexecution.SummaryPageExecution" name="tvSearch" time="5.43">
    <skipped/>
  </testcase> <!-- tvSearch -->
  <testcase classname="com.aiite.pageexecution.SummaryPageExecution" name="tvSearch" time="6.597">
    <skipped/>
  </testcase> <!-- tvSearch -->
  <testcase classname="com.aiite.pageexecution.SummaryPageExecution" name="tvSearch" time="6.301">
    <failure type="java.lang.AssertionError" message="expected [true] but found [false]">
      <![CDATA[java.lang.AssertionError: expected [true] but found [false]
at com.aiite.pageexecution.SummaryPageExecution.tvSearch(SummaryPageExecution.java:28)
at java.base/java.util.concurrent.ThreadPoolExecutor.runWorker(ThreadPoolExecutor.java:1136)
at java.base/java.util.concurrent.ThreadPoolExecutor$Worker.run(ThreadPoolExecutor.java:635)
at java.base/java.lang.Thread.run(Thread.java:840)
... Removed 16 stack frames]]>
    </failure>
  </testcase> <!-- tvSearch -->
</testsuite> <!-- Test -->
